2024-04-23 11:36:34,032 - Using selector: KqueueSelector
2024-04-23 11:36:34,036 - Using selector: KqueueSelector
2024-04-23 11:36:34,037 - EventBus: subscription for event: vssl.model_zone_qty | entity: 0 | cb: future_callback
2024-04-23 11:36:34,037 - EventBus: Started
2024-04-23 11:36:34,037 - EventBus: subscription for event: zone.id_received | entity: 1 | cb: future_callback
2024-04-23 11:36:34,037 - EventBus: subscription for event: zone.transport.state_change | entity: 1 | cb: _event_transport_state_change
2024-04-23 11:36:34,037 - EventBus: subscription for event: zone.transport.state_change.stop | entity: 1 | cb: _event_transport_state_stop
2024-04-23 11:36:34,037 - EventBus: subscription for event: zone.group.source_change | entity: 1 | cb: _event_group_source_change
2024-04-23 11:36:34,037 - Zone 1: Alpha API: Attemping connection to 10.10.30.10:50002
2024-04-23 11:36:34,037 - Zone 1: Bravo API: Attemping connection to 10.10.30.10:7777
2024-04-23 11:36:34,038 - Running on http://127.0.0.1:8000 (CTRL + C to quit)
2024-04-23 11:36:34,293 - Zone 1: Alpha API: Receive task started for 10.10.30.10:50002
2024-04-23 11:36:34,294 - Zone 1: Alpha API: Send task started for 10.10.30.10:50002
2024-04-23 11:36:34,294 - Zone 1: Alpha API: Requesting keep alive
2024-04-23 11:36:34,294 - Zone 1: Alpha API: Sent to 10.10.30.10:50002: 10170107
2024-04-23 11:36:34,294 - Zone 1: Bravo API: Receive task started for 10.10.30.10:7777
2024-04-23 11:36:34,294 - Zone 1: Bravo API: Send task started for 10.10.30.10:7777
2024-04-23 11:36:34,294 - Zone 1: Bravo API: Sending keep alive with IP
2024-04-23 11:36:34,295 - Zone 1: Alpha API: Connected to 10.10.30.10:50002
2024-04-23 11:36:34,295 - Zone 1: Polling state
2024-04-23 11:36:34,295 - Zone 1: Alpha API: Requesting zone status
2024-04-23 11:36:34,295 - Zone 1: Bravo API: Requesting MAC address
2024-04-23 11:36:34,295 - Zone 1: Alpha API: Requesting device status
2024-04-23 11:36:34,295 - Zone 1: Alpha API: Requesting output status
2024-04-23 11:36:34,295 - Zone 1: Alpha API: Requesting EQ status
2024-04-23 11:36:34,295 - Zone 1: Bravo API: Requesting track metadata
2024-04-23 11:36:34,295 - Zone 1: Bravo API: Requesting name
2024-04-23 11:36:34,295 - Zone 1: Bravo API: Sent to 10.10.30.10:7777: aaaa0203000000000b0031302e31302e33302e3130
2024-04-23 11:36:34,295 - Zone 1: Bravo API: Connected to 10.10.30.10:7777
2024-04-23 11:36:34,496 - Zone 1: Alpha API: Sent to 10.10.30.10:50002: 10000108
2024-04-23 11:36:34,496 - Zone 1: Bravo API: Sent to 10.10.30.10:7777: aaaa015b000000000000
2024-04-23 11:36:34,543 - Zone 1: Bravo API: Response: b"\x00\x00\x02\x00\x03\x01'\xac\x00\x00"
2024-04-23 11:36:34,544 - Zone 1: Bravo API: Response action: response_action_03
2024-04-23 11:36:34,544 - Zone 1: Bravo API: Received keep alive
2024-04-23 11:36:34,585 - Zone 1: Alpha API: Response data: b'\x10\x17\x01\x07'
2024-04-23 11:36:34,586 - Zone 1: Alpha API: Received command confimation: 23. Hex: 10170107
2024-04-23 11:36:34,698 - Zone 1: Alpha API: Sent to 10.10.30.10:50002: 10000100
2024-04-23 11:36:34,699 - Zone 1: Bravo API: Sent to 10.10.30.10:7777: aaaa012a000000000000
2024-04-23 11:36:34,758 - Zone 1: Bravo API: Response: b'\x00\x00\x02\x00p\x00N\x1e\x00\x04\x10\x00\x01\x08'
2024-04-23 11:36:34,759 - Zone 1: Bravo API: Response action: response_action_70
2024-04-23 11:36:34,759 - Zone 1: Bravo API: Command confirmation: b'\x10\x00\x01\x08'
2024-04-23 11:36:34,760 - Zone 1: Bravo API: Response: b'\x00\x00\x01\x00[\x01\xa0~\x00\x11CC:90:93:17:A8:55'
2024-04-23 11:36:34,760 - Zone 1: Bravo API: Response action: response_action_5B
2024-04-23 11:36:34,760 - Zone 1: Bravo API: Received MAC address: CC:90:93:17:A8:55
2024-04-23 11:36:34,762 - Zone 1: Set mac_addr: CC:90:93:17:A8:55
2024-04-23 11:36:34,762 - EventBus: processing event: zone.mac_addr_change | entity: 1 | data: CC:90:93:17:A8:55
2024-04-23 11:36:34,850 - Zone 1: Alpha API: Response data: b'\x10\x00\xa8\x08{"id":"1","ac":"0","mc":"CC909317A855","vol":"75","mt":"0","pa":"1","rm":"0","ts":"14","alex":"14","nmd":"0","ird":"14","lb":"24","tp":"13","wr":"0","as":"0","rg":"0"}'
2024-04-23 11:36:34,851 - Zone 1: Alpha API: Response action: response_action_00
2024-04-23 11:36:34,851 - Zone 1: Alpha API: Calling status sub action: response_action_00_08
2024-04-23 11:36:34,851 - Zone 1: Alpha API: Received 08 Status: {'id': '1', 'ac': '0', 'mc': 'CC909317A855', 'vol': '75', 'mt': '0', 'pa': '1', 'rm': '0', 'ts': '14', 'alex': '14', 'nmd': '0', 'ird': '14', 'lb': '24', 'tp': '13', 'wr': '0', 'as': '0', 'rg': '0'}
2024-04-23 11:36:34,852 - VSSL: Set serial: CC909317A855
2024-04-23 11:36:34,852 - Zone 1: Set serial: CC909317A855
2024-04-23 11:36:34,852 - Zone 1: Set volume: 75
2024-04-23 11:36:34,852 - EventBus: processing event: zone.id_received | entity: 1 | data: 1
2024-04-23 11:36:34,853 - EventBus: processing event: vssl.serial_changed | entity: 0 | data: CC909317A855
2024-04-23 11:36:34,853 - EventBus: processing event: zone.serial_change | entity: 1 | data: CC909317A855
2024-04-23 11:36:34,853 - EventBus: processing event: zone.volume_change | entity: 1 | data: 75
2024-04-23 11:36:34,853 - EventBus: processing event: zone.initialised | entity: 1 | data: <vsslctrl.zone.Zone object at 0x103d75b20>
2024-04-23 11:36:34,900 - Zone 1: Alpha API: Sent to 10.10.30.10:50002: 1000010a
2024-04-23 11:36:34,900 - Zone 1: Bravo API: Sent to 10.10.30.10:7777: aaaa015a000000000000
2024-04-23 11:36:34,941 - Zone 1: Bravo API: Response: b'\x00\x00\x02\x00p\x00\xcf\x16\x00\x04\x10\x00\x01\x00'
2024-04-23 11:36:34,941 - Zone 1: Bravo API: Response action: response_action_70
2024-04-23 11:36:34,941 - Zone 1: Bravo API: Command confirmation: b'\x10\x00\x01\x00'
2024-04-23 11:36:34,942 - Zone 1: Bravo API: Response: b'\x00\x00\x01\x00*\x01\xd0P\x02\x8f{"CMD ID":1,"Title":"BrowseView","Window CONTENTS":{"Browser":"HOME","CurrentPath":"","Index":0,"Item Count":9,"ItemList":[{"Fav":0,"Item ID":0,"ItemType":"Folder","Name":"MEDIA SERVERS"},{"Fav":0,"Item ID":1,"ItemType":"Folder","Name":"VTUNER"},{"Fav":0,"Item ID":2,"ItemType":"Folder","Name":"TUNEIN"},{"Fav":0,"Item ID":3,"ItemType":"Folder","Name":"USB"},{"Fav":0,"Item ID":4,"ItemType":"Folder","Name":"SDCARD"},{"Fav":0,"Item ID":5,"ItemType":"Folder","Name":"DEEZER"},{"Fav":0,"Item ID":6,"ItemType":"Folder","Name":"TIDAL"},{"Fav":0,"Item ID":7,"ItemType":"Folder","Name":"AIRABLE"},{"Fav":0,"Item ID":8,"ItemType":"Folder","Name":"FAVORITES"}]}}\n'
2024-04-23 11:36:34,942 - Zone 1: Bravo API: Response action: response_action_2A
2024-04-23 11:36:34,942 - Zone 1: Bravo API: BrowseView is currently unsupported: {'CMD ID': 1, 'Title': 'BrowseView', 'Window CONTENTS': {'Browser': 'HOME', 'CurrentPath': '', 'Index': 0, 'Item Count': 9, 'ItemList': [{'Fav': 0, 'Item ID': 0, 'ItemType': 'Folder', 'Name': 'MEDIA SERVERS'}, {'Fav': 0, 'Item ID': 1, 'ItemType': 'Folder', 'Name': 'VTUNER'}, {'Fav': 0, 'Item ID': 2, 'ItemType': 'Folder', 'Name': 'TUNEIN'}, {'Fav': 0, 'Item ID': 3, 'ItemType': 'Folder', 'Name': 'USB'}, {'Fav': 0, 'Item ID': 4, 'ItemType': 'Folder', 'Name': 'SDCARD'}, {'Fav': 0, 'Item ID': 5, 'ItemType': 'Folder', 'Name': 'DEEZER'}, {'Fav': 0, 'Item ID': 6, 'ItemType': 'Folder', 'Name': 'TIDAL'}, {'Fav': 0, 'Item ID': 7, 'ItemType': 'Folder', 'Name': 'AIRABLE'}, {'Fav': 0, 'Item ID': 8, 'ItemType': 'Folder', 'Name': 'FAVORITES'}]}}
2024-04-23 11:36:35,102 - Zone 1: Alpha API: Sent to 10.10.30.10:50002: 10000109
2024-04-23 11:36:35,107 - Zone 1: Alpha API: Response data: b'\x10\x00p\x00{"B1Src":"3","B2Src":"4","B3Src":"5","B1Nm":"","B2Nm":"Optical Input","dev":"Arawa 10","ver":"p15305.016.3701"}'
2024-04-23 11:36:35,108 - Zone 1: Alpha API: Response action: response_action_00
2024-04-23 11:36:35,108 - Zone 1: Alpha API: Calling status sub action: response_action_00_00
2024-04-23 11:36:35,108 - Zone 1: Alpha API: Received 00 Status: {'B1Src': '3', 'B2Src': '4', 'B3Src': '5', 'B1Nm': '', 'B2Nm': 'Optical Input', 'dev': 'Arawa 10', 'ver': 'p15305.016.3701'}
2024-04-23 11:36:35,109 - Zone 1: AnalogOutput set source: ZONE_1 (3)
2024-04-23 11:36:35,109 - VSSL: Set optical_input_name: Optical Input
2024-04-23 11:36:35,109 - VSSL: Set name: Arawa 10
2024-04-23 11:36:35,109 - VSSL: Set sw_version: p15305.016.3701
2024-04-23 11:36:35,110 - EventBus: processing event: vssl.model_zone_qty | entity: 0 | data: 3
2024-04-23 11:36:35,110 - EventBus: processing event: zone.analog_output.source_change | entity: 1 | data: ZONE_1 (3)
2024-04-23 11:36:35,110 - EventBus: processing event: vssl.optical_input_name_changed | entity: 0 | data: Optical Input
2024-04-23 11:36:35,110 - EventBus: processing event: vssl.name_changed | entity: 0 | data: Arawa 10
2024-04-23 11:36:35,110 - EventBus: processing event: vssl.sw_version_changed | entity: 0 | data: p15305.016.3701
2024-04-23 11:36:35,111 - EventBus: subscription for event: zone.id_received | entity: 2 | cb: future_callback
2024-04-23 11:36:35,111 - EventBus: subscription for event: zone.transport.state_change | entity: 2 | cb: _event_transport_state_change
2024-04-23 11:36:35,111 - EventBus: subscription for event: zone.transport.state_change.stop | entity: 2 | cb: _event_transport_state_stop
2024-04-23 11:36:35,111 - EventBus: subscription for event: zone.group.source_change | entity: 2 | cb: _event_group_source_change
2024-04-23 11:36:35,111 - EventBus: subscription for event: zone.id_received | entity: 3 | cb: future_callback
2024-04-23 11:36:35,111 - EventBus: subscription for event: zone.transport.state_change | entity: 3 | cb: _event_transport_state_change
2024-04-23 11:36:35,111 - EventBus: subscription for event: zone.transport.state_change.stop | entity: 3 | cb: _event_transport_state_stop
2024-04-23 11:36:35,111 - EventBus: subscription for event: zone.group.source_change | entity: 3 | cb: _event_group_source_change
2024-04-23 11:36:35,112 - Zone 2: Alpha API: Attemping connection to 10.10.30.11:50002
2024-04-23 11:36:35,112 - Zone 2: Bravo API: Attemping connection to 10.10.30.11:7777
2024-04-23 11:36:35,112 - Zone 3: Alpha API: Attemping connection to 10.10.30.12:50002
2024-04-23 11:36:35,112 - Zone 3: Bravo API: Attemping connection to 10.10.30.12:7777
2024-04-23 11:36:35,150 - Zone 1: Bravo API: Response: b'\x00\x00\x02\x00p\x00n\\\x00\x04\x10\x00\x01\n'
2024-04-23 11:36:35,151 - Zone 1: Bravo API: Response action: response_action_70
2024-04-23 11:36:35,151 - Zone 1: Bravo API: Command confirmation: b'\x10\x00\x01\n'
2024-04-23 11:36:35,152 - Zone 1: Bravo API: Response: b'\x00\x00\x01\x00Z\x01\x10%\x00\x0bLiving Room'
2024-04-23 11:36:35,152 - Zone 1: Bravo API: Response action: response_action_5A
2024-04-23 11:36:35,152 - Zone 1: Bravo API: Received zone name: Living Room
2024-04-23 11:36:35,152 - Zone 1: ZoneSettings set name: Living Room
2024-04-23 11:36:35,153 - EventBus: processing event: zone.settings.name_changed | entity: 1 | data: Living Room
2024-04-23 11:36:35,350 - Zone 1: Alpha API: Response data: b'\x10\x00\x8b\n{"ECO":"0","eqsw":"1","inSrc":"0","SP":"0","BF1":"1","BF2":"0","BF3":"0","GRM":"0","GRS":"255","Pwr":"0","Bvr":"1","fxv":"52","AtPwr":"1"}'
2024-04-23 11:36:35,351 - Zone 1: Alpha API: Response action: response_action_00
2024-04-23 11:36:35,351 - Zone 1: Alpha API: Calling status sub action: response_action_00_0A
2024-04-23 11:36:35,351 - Zone 1: Alpha API: Received 0A Status: {'ECO': '0', 'eqsw': '1', 'inSrc': '0', 'SP': '0', 'BF1': '1', 'BF2': '0', 'BF3': '0', 'GRM': '0', 'GRS': '255', 'Pwr': '0', 'Bvr': '1', 'fxv': '52', 'AtPwr': '1'}
2024-04-23 11:36:35,351 - Zone 1: EQSettings set enabled: True
2024-04-23 11:36:35,351 - Zone 1: AnalogOutput set is_fixed_volume: True
2024-04-23 11:36:35,351 - Zone 1: AnalogInput set fixed_gain: 52
2024-04-23 11:36:35,352 - Zone 1: Bravo API: Response: b'\x00\x00\x02\x00p\x00^?\x00\x04\x10\x00\x01\t'
2024-04-23 11:36:35,352 - Zone 1: Bravo API: Response action: response_action_70
2024-04-23 11:36:35,352 - Zone 1: Bravo API: Command confirmation: b'\x10\x00\x01\t'
2024-04-23 11:36:35,353 - EventBus: processing event: zone.settings.eq.enabled_change | entity: 1 | data: True
2024-04-23 11:36:35,353 - EventBus: processing event: zone.analog_output.is_fixed_volume_change | entity: 1 | data: True
2024-04-23 11:36:35,353 - EventBus: processing event: zone.analog_input.fixed_gain_change | entity: 1 | data: 52
2024-04-23 11:36:35,360 - Zone 2: Alpha API: Receive task started for 10.10.30.11:50002
2024-04-23 11:36:35,360 - Zone 2: Alpha API: Send task started for 10.10.30.11:50002
2024-04-23 11:36:35,360 - Zone 2: Alpha API: Requesting keep alive
2024-04-23 11:36:35,360 - Zone 2: Bravo API: Receive task started for 10.10.30.11:7777
2024-04-23 11:36:35,360 - Zone 2: Bravo API: Send task started for 10.10.30.11:7777
2024-04-23 11:36:35,361 - Zone 2: Bravo API: Sending keep alive with IP
2024-04-23 11:36:35,361 - Zone 2: Polling state
2024-04-23 11:36:35,361 - Zone 2: Alpha API: Requesting zone status
2024-04-23 11:36:35,361 - Zone 2: Bravo API: Requesting MAC address
2024-04-23 11:36:35,361 - Zone 2: Alpha API: Requesting device status
2024-04-23 11:36:35,361 - Zone 2: Alpha API: Requesting output status
2024-04-23 11:36:35,361 - Zone 2: Alpha API: Requesting EQ status
2024-04-23 11:36:35,361 - Zone 2: Bravo API: Requesting track metadata
2024-04-23 11:36:35,361 - Zone 2: Bravo API: Requesting name
2024-04-23 11:36:35,361 - Zone 2: Alpha API: Sent to 10.10.30.11:50002: 10170107
2024-04-23 11:36:35,362 - Zone 2: Bravo API: Sent to 10.10.30.11:7777: aaaa0203000000000b0031302e31302e33302e3131
2024-04-23 11:36:35,362 - Zone 3: Alpha API: Receive task started for 10.10.30.12:50002
2024-04-23 11:36:35,362 - Zone 3: Alpha API: Send task started for 10.10.30.12:50002
2024-04-23 11:36:35,362 - Zone 3: Alpha API: Requesting keep alive
2024-04-23 11:36:35,362 - Zone 3: Bravo API: Receive task started for 10.10.30.12:7777
2024-04-23 11:36:35,362 - Zone 3: Bravo API: Send task started for 10.10.30.12:7777
2024-04-23 11:36:35,362 - Zone 3: Bravo API: Sending keep alive with IP
2024-04-23 11:36:35,362 - Zone 2: Alpha API: Connected to 10.10.30.11:50002
2024-04-23 11:36:35,362 - Zone 2: Bravo API: Connected to 10.10.30.11:7777
2024-04-23 11:36:35,362 - Zone 3: Polling state
2024-04-23 11:36:35,362 - Zone 3: Alpha API: Requesting zone status
2024-04-23 11:36:35,362 - Zone 3: Bravo API: Requesting MAC address
2024-04-23 11:36:35,362 - Zone 3: Alpha API: Requesting device status
2024-04-23 11:36:35,362 - Zone 3: Alpha API: Requesting output status
2024-04-23 11:36:35,362 - Zone 3: Alpha API: Requesting EQ status
2024-04-23 11:36:35,362 - Zone 3: Bravo API: Requesting track metadata
2024-04-23 11:36:35,362 - Zone 3: Bravo API: Requesting name
2024-04-23 11:36:35,362 - Zone 3: Alpha API: Sent to 10.10.30.12:50002: 10170107
2024-04-23 11:36:35,363 - Zone 3: Bravo API: Sent to 10.10.30.12:7777: aaaa0203000000000b0031302e31302e33302e3132
2024-04-23 11:36:35,363 - Zone 3: Alpha API: Connected to 10.10.30.12:50002
2024-04-23 11:36:35,363 - Zone 3: Bravo API: Connected to 10.10.30.12:7777
2024-04-23 11:36:35,564 - Zone 2: Alpha API: Sent to 10.10.30.11:50002: 10000108
2024-04-23 11:36:35,564 - Zone 2: Bravo API: Sent to 10.10.30.11:7777: aaaa015b000000000000
2024-04-23 11:36:35,565 - Zone 3: Alpha API: Sent to 10.10.30.12:50002: 10000108
2024-04-23 11:36:35,565 - Zone 3: Bravo API: Sent to 10.10.30.12:7777: aaaa015b000000000000
2024-04-23 11:36:35,605 - Zone 1: Alpha API: Response data: b'\x10\x00\x9a\t{"mono":"1","AiNm":"Analog Input 1","eq1":"94","eq2":"106","eq3":"93","eq4":"96","eq5":"100","eq6":"100","eq7":"100","voll":"75","volr":"75","vold":"75"}'
2024-04-23 11:36:35,606 - Zone 1: Alpha API: Response action: response_action_00
2024-04-23 11:36:35,606 - Zone 1: Alpha API: Calling status sub action: response_action_00_09
2024-04-23 11:36:35,607 - Zone 1: Alpha API: Received 09 Status: {'mono': '1', 'AiNm': 'Analog Input 1', 'eq1': '94', 'eq2': '106', 'eq3': '93', 'eq4': '96', 'eq5': '100', 'eq6': '100', 'eq7': '100', 'voll': '75', 'volr': '75', 'vold': '75'}
2024-04-23 11:36:35,607 - Zone 1: ZoneSettings set mono: Mono (1)
2024-04-23 11:36:35,607 - Zone 1: AnalogInput set name: Analog Input 1
2024-04-23 11:36:35,607 - Zone 1: EQSettings set hz60: 94
2024-04-23 11:36:35,608 - Zone 1: EQSettings set hz200: 106
2024-04-23 11:36:35,608 - Zone 1: EQSettings set hz500: 93
2024-04-23 11:36:35,608 - Zone 1: EQSettings set khz1: 96
2024-04-23 11:36:35,609 - EventBus: processing event: zone.settings.mono_changed | entity: 1 | data: Mono (1)
2024-04-23 11:36:35,609 - EventBus: processing event: zone.analog_input.name_change | entity: 1 | data: Analog Input 1
2024-04-23 11:36:35,609 - EventBus: processing event: zone.settings.eq.hz60_change | entity: 1 | data: 94
2024-04-23 11:36:35,609 - EventBus: processing event: zone.settings.eq.hz200_change | entity: 1 | data: 106
2024-04-23 11:36:35,609 - EventBus: processing event: zone.settings.eq.hz500_change | entity: 1 | data: 93
2024-04-23 11:36:35,609 - EventBus: processing event: zone.settings.eq.khz1_change | entity: 1 | data: 96
2024-04-23 11:36:35,642 - Zone 2: Bravo API: Response: b"\x00\x00\x02\x00\x03\x01'\xac\x00\x00"
2024-04-23 11:36:35,642 - Zone 2: Bravo API: Response action: response_action_03
2024-04-23 11:36:35,643 - Zone 2: Bravo API: Received keep alive
2024-04-23 11:36:35,643 - Zone 3: Bravo API: Response: b"\x00\x00\x02\x00\x03\x01'\xac\x00\x00"
2024-04-23 11:36:35,643 - Zone 3: Bravo API: Response action: response_action_03
2024-04-23 11:36:35,643 - Zone 3: Bravo API: Received keep alive
2024-04-23 11:36:35,672 - Zone 3: Alpha API: Response data: b'\x10\x17\x01\x07'
2024-04-23 11:36:35,673 - Zone 3: Alpha API: Received command confimation: 23. Hex: 10170107
2024-04-23 11:36:35,743 - Zone 2: Alpha API: Response data: b'\x10\x17\x01\x07'
2024-04-23 11:36:35,744 - Zone 2: Alpha API: Received command confimation: 23. Hex: 10170107
2024-04-23 11:36:35,766 - Zone 2: Alpha API: Sent to 10.10.30.11:50002: 10000100
2024-04-23 11:36:35,767 - Zone 2: Bravo API: Sent to 10.10.30.11:7777: aaaa012a000000000000
2024-04-23 11:36:35,768 - Zone 3: Alpha API: Sent to 10.10.30.12:50002: 10000100
2024-04-23 11:36:35,768 - Zone 3: Bravo API: Sent to 10.10.30.12:7777: aaaa012a000000000000
2024-04-23 11:36:35,816 - Zone 2: Bravo API: Response: b'\x00\x00\x02\x00p\x00N\x1e\x00\x04\x10\x00\x01\x08'
2024-04-23 11:36:35,817 - Zone 2: Bravo API: Response action: response_action_70
2024-04-23 11:36:35,817 - Zone 2: Bravo API: Command confirmation: b'\x10\x00\x01\x08'
2024-04-23 11:36:35,817 - Zone 3: Bravo API: Response: b'\x00\x00\x01\x00[\x01\n/\x00\x11CC:90:93:17:A9:14'
2024-04-23 11:36:35,818 - Zone 3: Bravo API: Response action: response_action_5B
2024-04-23 11:36:35,818 - Zone 3: Bravo API: Received MAC address: CC:90:93:17:A9:14
2024-04-23 11:36:35,818 - Zone 3: Set mac_addr: CC:90:93:17:A9:14
2024-04-23 11:36:35,818 - Zone 2: Bravo API: Response: b'\x00\x00\x01\x00[\x01\xc0\xb8\x00\x11CC:90:93:17:A8:53'
2024-04-23 11:36:35,819 - Zone 2: Bravo API: Response action: response_action_5B
2024-04-23 11:36:35,819 - Zone 2: Bravo API: Received MAC address: CC:90:93:17:A8:53
2024-04-23 11:36:35,819 - Zone 2: Set mac_addr: CC:90:93:17:A8:53
2024-04-23 11:36:35,819 - EventBus: processing event: zone.mac_addr_change | entity: 3 | data: CC:90:93:17:A9:14
2024-04-23 11:36:35,819 - Zone 3: Bravo API: Response: b'\x00\x00\x02\x00p\x00N\x1e\x00\x04\x10\x00\x01\x08'
2024-04-23 11:36:35,819 - Zone 3: Bravo API: Response action: response_action_70
2024-04-23 11:36:35,819 - Zone 3: Bravo API: Command confirmation: b'\x10\x00\x01\x08'
2024-04-23 11:36:35,820 - EventBus: processing event: zone.mac_addr_change | entity: 2 | data: CC:90:93:17:A8:53
2024-04-23 11:36:35,928 - Zone 3: Alpha API: Response data: b'\x10\x00\xa8\x08{"id":"3","ac":"0","mc":"CC909317A855","vol":"75","mt":"0","pa":"0","rm":"0","ts":"14","alex":"14","nmd":"0","ird":"14","lb":"17","tp":"13","wr":"0","as":"0","rg":"0"}'
2024-04-23 11:36:35,928 - Zone 3: Alpha API: Response action: response_action_00
2024-04-23 11:36:35,928 - Zone 3: Alpha API: Calling status sub action: response_action_00_08
2024-04-23 11:36:35,929 - Zone 3: Alpha API: Received 08 Status: {'id': '3', 'ac': '0', 'mc': 'CC909317A855', 'vol': '75', 'mt': '0', 'pa': '0', 'rm': '0', 'ts': '14', 'alex': '14', 'nmd': '0', 'ird': '14', 'lb': '17', 'tp': '13', 'wr': '0', 'as': '0', 'rg': '0'}
2024-04-23 11:36:35,929 - Zone 3: Set serial: CC909317A855
2024-04-23 11:36:35,929 - Zone 3: Set volume: 75
2024-04-23 11:36:35,930 - EventBus: processing event: zone.id_received | entity: 3 | data: 3
2024-04-23 11:36:35,930 - EventBus: processing event: zone.serial_change | entity: 3 | data: CC909317A855
2024-04-23 11:36:35,930 - EventBus: processing event: zone.volume_change | entity: 3 | data: 75
2024-04-23 11:36:35,930 - EventBus: processing event: zone.initialised | entity: 3 | data: <vsslctrl.zone.Zone object at 0x103d8f5e0>
2024-04-23 11:36:35,969 - Zone 2: Alpha API: Sent to 10.10.30.11:50002: 1000010a
2024-04-23 11:36:35,970 - Zone 2: Bravo API: Sent to 10.10.30.11:7777: aaaa015a000000000000
2024-04-23 11:36:35,970 - Zone 3: Alpha API: Sent to 10.10.30.12:50002: 1000010a
2024-04-23 11:36:35,970 - Zone 3: Bravo API: Sent to 10.10.30.12:7777: aaaa015a000000000000
2024-04-23 11:36:35,998 - Zone 2: Alpha API: Response data: b'\x10\x00\xa7\x08{"id":"2","ac":"0","mc":"CC909317A855","vol":"1","mt":"1","pa":"1","rm":"0","ts":"14","alex":"14","nmd":"0","ird":"14","lb":"17","tp":"13","wr":"0","as":"0","rg":"0"}'
2024-04-23 11:36:35,999 - Zone 2: Alpha API: Response action: response_action_00
2024-04-23 11:36:35,999 - Zone 2: Alpha API: Calling status sub action: response_action_00_08
2024-04-23 11:36:35,999 - Zone 2: Alpha API: Received 08 Status: {'id': '2', 'ac': '0', 'mc': 'CC909317A855', 'vol': '1', 'mt': '1', 'pa': '1', 'rm': '0', 'ts': '14', 'alex': '14', 'nmd': '0', 'ird': '14', 'lb': '17', 'tp': '13', 'wr': '0', 'as': '0', 'rg': '0'}
2024-04-23 11:36:35,999 - Zone 2: Set serial: CC909317A855
2024-04-23 11:36:35,999 - Zone 2: Set volume: 1
2024-04-23 11:36:35,999 - Zone 2: Set mute: True
2024-04-23 11:36:36,000 - EventBus: processing event: zone.id_received | entity: 2 | data: 2
2024-04-23 11:36:36,000 - EventBus: processing event: zone.serial_change | entity: 2 | data: CC909317A855
2024-04-23 11:36:36,000 - EventBus: processing event: zone.volume_change | entity: 2 | data: 1
2024-04-23 11:36:36,000 - EventBus: processing event: zone.mute_change | entity: 2 | data: True
2024-04-23 11:36:36,001 - EventBus: processing event: zone.initialised | entity: 2 | data: <vsslctrl.zone.Zone object at 0x103d8f1c0>
2024-04-23 11:36:36,030 - Zone 2: Bravo API: Response: b'\x00\x00\x02\x00p\x00\xcf\x16\x00\x04\x10\x00\x01\x00'
2024-04-23 11:36:36,031 - Zone 2: Bravo API: Response action: response_action_70
2024-04-23 11:36:36,031 - Zone 2: Bravo API: Command confirmation: b'\x10\x00\x01\x00'
2024-04-23 11:36:36,031 - Zone 2: Bravo API: Response: b'\x00\x00\x01\x00*\x01\xd0P\x02\x8f{"CMD ID":1,"Title":"BrowseView","Window CONTENTS":{"Browser":"HOME","CurrentPath":"","Index":0,"Item Count":9,"ItemList":[{"Fav":0,"Item ID":0,"ItemType":"Folder","Name":"MEDIA SERVERS"},{"Fav":0,"Item ID":1,"ItemType":"Folder","Name":"VTUNER"},{"Fav":0,"Item ID":2,"ItemType":"Folder","Name":"TUNEIN"},{"Fav":0,"Item ID":3,"ItemType":"Folder","Name":"USB"},{"Fav":0,"Item ID":4,"ItemType":"Folder","Name":"SDCARD"},{"Fav":0,"Item ID":5,"ItemType":"Folder","Name":"DEEZER"},{"Fav":0,"Item ID":6,"ItemType":"Folder","Name":"TIDAL"},{"Fav":0,"Item ID":7,"ItemType":"Folder","Name":"AIRABLE"},{"Fav":0,"Item ID":8,"ItemType":"Folder","Name":"FAVORITES"}]}}\n'
2024-04-23 11:36:36,032 - Zone 2: Bravo API: Response action: response_action_2A
2024-04-23 11:36:36,032 - Zone 2: Bravo API: BrowseView is currently unsupported: {'CMD ID': 1, 'Title': 'BrowseView', 'Window CONTENTS': {'Browser': 'HOME', 'CurrentPath': '', 'Index': 0, 'Item Count': 9, 'ItemList': [{'Fav': 0, 'Item ID': 0, 'ItemType': 'Folder', 'Name': 'MEDIA SERVERS'}, {'Fav': 0, 'Item ID': 1, 'ItemType': 'Folder', 'Name': 'VTUNER'}, {'Fav': 0, 'Item ID': 2, 'ItemType': 'Folder', 'Name': 'TUNEIN'}, {'Fav': 0, 'Item ID': 3, 'ItemType': 'Folder', 'Name': 'USB'}, {'Fav': 0, 'Item ID': 4, 'ItemType': 'Folder', 'Name': 'SDCARD'}, {'Fav': 0, 'Item ID': 5, 'ItemType': 'Folder', 'Name': 'DEEZER'}, {'Fav': 0, 'Item ID': 6, 'ItemType': 'Folder', 'Name': 'TIDAL'}, {'Fav': 0, 'Item ID': 7, 'ItemType': 'Folder', 'Name': 'AIRABLE'}, {'Fav': 0, 'Item ID': 8, 'ItemType': 'Folder', 'Name': 'FAVORITES'}]}}
2024-04-23 11:36:36,043 - Zone 3: Bravo API: Response: b'\x00\x00\x01\x00*\x01\xd0P\x02\x8f{"CMD ID":1,"Title":"BrowseView","Window CONTENTS":{"Browser":"HOME","CurrentPath":"","Index":0,"Item Count":9,"ItemList":[{"Fav":0,"Item ID":0,"ItemType":"Folder","Name":"MEDIA SERVERS"},{"Fav":0,"Item ID":1,"ItemType":"Folder","Name":"VTUNER"},{"Fav":0,"Item ID":2,"ItemType":"Folder","Name":"TUNEIN"},{"Fav":0,"Item ID":3,"ItemType":"Folder","Name":"USB"},{"Fav":0,"Item ID":4,"ItemType":"Folder","Name":"SDCARD"},{"Fav":0,"Item ID":5,"ItemType":"Folder","Name":"DEEZER"},{"Fav":0,"Item ID":6,"ItemType":"Folder","Name":"TIDAL"},{"Fav":0,"Item ID":7,"ItemType":"Folder","Name":"AIRABLE"},{"Fav":0,"Item ID":8,"ItemType":"Folder","Name":"FAVORITES"}]}}\n'
2024-04-23 11:36:36,044 - Zone 3: Bravo API: Response action: response_action_2A
2024-04-23 11:36:36,044 - Zone 3: Bravo API: BrowseView is currently unsupported: {'CMD ID': 1, 'Title': 'BrowseView', 'Window CONTENTS': {'Browser': 'HOME', 'CurrentPath': '', 'Index': 0, 'Item Count': 9, 'ItemList': [{'Fav': 0, 'Item ID': 0, 'ItemType': 'Folder', 'Name': 'MEDIA SERVERS'}, {'Fav': 0, 'Item ID': 1, 'ItemType': 'Folder', 'Name': 'VTUNER'}, {'Fav': 0, 'Item ID': 2, 'ItemType': 'Folder', 'Name': 'TUNEIN'}, {'Fav': 0, 'Item ID': 3, 'ItemType': 'Folder', 'Name': 'USB'}, {'Fav': 0, 'Item ID': 4, 'ItemType': 'Folder', 'Name': 'SDCARD'}, {'Fav': 0, 'Item ID': 5, 'ItemType': 'Folder', 'Name': 'DEEZER'}, {'Fav': 0, 'Item ID': 6, 'ItemType': 'Folder', 'Name': 'TIDAL'}, {'Fav': 0, 'Item ID': 7, 'ItemType': 'Folder', 'Name': 'AIRABLE'}, {'Fav': 0, 'Item ID': 8, 'ItemType': 'Folder', 'Name': 'FAVORITES'}]}}
2024-04-23 11:36:36,045 - Zone 3: Bravo API: Response: b'\x00\x00\x02\x00p\x00\xcf\x16\x00\x04\x10\x00\x01\x00'
2024-04-23 11:36:36,045 - Zone 3: Bravo API: Response action: response_action_70
2024-04-23 11:36:36,045 - Zone 3: Bravo API: Command confirmation: b'\x10\x00\x01\x00'
2024-04-23 11:36:36,173 - Zone 2: Alpha API: Sent to 10.10.30.11:50002: 10000109
2024-04-23 11:36:36,175 - Zone 3: Alpha API: Sent to 10.10.30.12:50002: 10000109
2024-04-23 11:36:36,183 - Zone 3: Alpha API: Response data: b'\x10\x00p\x00{"B1Src":"3","B2Src":"4","B3Src":"5","B1Nm":"","B2Nm":"Optical Input","dev":"Arawa 10","ver":"p15305.016.3701"}'
2024-04-23 11:36:36,184 - Zone 3: Alpha API: Response action: response_action_00
2024-04-23 11:36:36,184 - Zone 3: Alpha API: Calling status sub action: response_action_00_00
2024-04-23 11:36:36,184 - Zone 3: Alpha API: Received 00 Status: {'B1Src': '3', 'B2Src': '4', 'B3Src': '5', 'B1Nm': '', 'B2Nm': 'Optical Input', 'dev': 'Arawa 10', 'ver': 'p15305.016.3701'}
2024-04-23 11:36:36,184 - Zone 3: AnalogOutput set source: ZONE_3 (5)
2024-04-23 11:36:36,185 - EventBus: processing event: zone.analog_output.source_change | entity: 3 | data: ZONE_3 (5)
2024-04-23 11:36:36,214 - Zone 2: Bravo API: Response: b'\x00\x00\x02\x00p\x00n\\\x00\x04\x10\x00\x01\n'
2024-04-23 11:36:36,215 - Zone 2: Bravo API: Response action: response_action_70
2024-04-23 11:36:36,215 - Zone 2: Bravo API: Command confirmation: b'\x10\x00\x01\n'
2024-04-23 11:36:36,216 - Zone 2: Bravo API: Response: b'\x00\x00\x01\x00Z\x01K\xf8\x00\x10Kitchen & Dining'
2024-04-23 11:36:36,216 - Zone 2: Bravo API: Response action: response_action_5A
2024-04-23 11:36:36,217 - Zone 2: Bravo API: Received zone name: Kitchen & Dining
2024-04-23 11:36:36,217 - Zone 2: ZoneSettings set name: Kitchen & Dining
2024-04-23 11:36:36,217 - Zone 3: Bravo API: Response: b'\x00\x00\x02\x00p\x00n\\\x00\x04\x10\x00\x01\n'
2024-04-23 11:36:36,217 - Zone 3: Bravo API: Response action: response_action_70
2024-04-23 11:36:36,217 - Zone 3: Bravo API: Command confirmation: b'\x10\x00\x01\n'
2024-04-23 11:36:36,217 - EventBus: processing event: zone.settings.name_changed | entity: 2 | data: Kitchen & Dining
2024-04-23 11:36:36,218 - Zone 3: Bravo API: Response: b'\x00\x00\x01\x00Z\x01\xe9\x1c\x00\x08Bathroom'
2024-04-23 11:36:36,218 - Zone 3: Bravo API: Response action: response_action_5A
2024-04-23 11:36:36,218 - Zone 3: Bravo API: Received zone name: Bathroom
2024-04-23 11:36:36,218 - Zone 3: ZoneSettings set name: Bathroom
2024-04-23 11:36:36,218 - EventBus: processing event: zone.settings.name_changed | entity: 3 | data: Bathroom
2024-04-23 11:36:36,262 - Zone 2: Alpha API: Response data: b'\x10\x00p\x00{"B1Src":"3","B2Src":"4","B3Src":"5","B1Nm":"","B2Nm":"Optical Input","dev":"Arawa 10","ver":"p15305.016.3701"}'
2024-04-23 11:36:36,263 - Zone 2: Alpha API: Response action: response_action_00
2024-04-23 11:36:36,263 - Zone 2: Alpha API: Calling status sub action: response_action_00_00
2024-04-23 11:36:36,263 - Zone 2: Alpha API: Received 00 Status: {'B1Src': '3', 'B2Src': '4', 'B3Src': '5', 'B1Nm': '', 'B2Nm': 'Optical Input', 'dev': 'Arawa 10', 'ver': 'p15305.016.3701'}
2024-04-23 11:36:36,264 - Zone 2: AnalogOutput set source: ZONE_2 (4)
2024-04-23 11:36:36,264 - EventBus: processing event: zone.analog_output.source_change | entity: 2 | data: ZONE_2 (4)
2024-04-23 11:36:36,264 - Zone 2: Alpha API: Response data: b'\x10\x00\x8a\n{"ECO":"0","eqsw":"1","inSrc":"0","SP":"1","BF1":"1","BF2":"0","BF3":"0","GRM":"0","GRS":"255","Pwr":"0","Bvr":"1","fxv":"0","AtPwr":"1"}'
2024-04-23 11:36:36,264 - Zone 2: Alpha API: Response action: response_action_00
2024-04-23 11:36:36,264 - Zone 2: Alpha API: Calling status sub action: response_action_00_0A
2024-04-23 11:36:36,264 - Zone 2: Alpha API: Received 0A Status: {'ECO': '0', 'eqsw': '1', 'inSrc': '0', 'SP': '1', 'BF1': '1', 'BF2': '0', 'BF3': '0', 'GRM': '0', 'GRS': '255', 'Pwr': '0', 'Bvr': '1', 'fxv': '0', 'AtPwr': '1'}
2024-04-23 11:36:36,265 - Zone 2: EQSettings set enabled: True
2024-04-23 11:36:36,265 - Zone 2: InputRouter set priority: LOCAL (1)
2024-04-23 11:36:36,265 - EventBus: processing event: zone.settings.eq.enabled_change | entity: 2 | data: True
2024-04-23 11:36:36,265 - EventBus: processing event: zone.input_router.priority_change | entity: 2 | data: LOCAL (1)
2024-04-23 11:36:36,423 - Zone 2: Bravo API: Response: b'\x00\x00\x02\x00p\x00^?\x00\x04\x10\x00\x01\t'
2024-04-23 11:36:36,423 - Zone 2: Bravo API: Response action: response_action_70
2024-04-23 11:36:36,423 - Zone 2: Bravo API: Command confirmation: b'\x10\x00\x01\t'
2024-04-23 11:36:36,424 - Zone 3: Bravo API: Response: b'\x00\x00\x02\x00p\x00^?\x00\x04\x10\x00\x01\t'
2024-04-23 11:36:36,424 - Zone 3: Bravo API: Response action: response_action_70
2024-04-23 11:36:36,424 - Zone 3: Bravo API: Command confirmation: b'\x10\x00\x01\t'
2024-04-23 11:36:36,424 - Zone 3: Alpha API: Response data: b'\x10\x00\x8a\n{"ECO":"0","eqsw":"1","inSrc":"0","SP":"0","BF1":"1","BF2":"0","BF3":"0","GRM":"0","GRS":"255","Pwr":"0","Bvr":"1","fxv":"0","AtPwr":"1"}'
2024-04-23 11:36:36,424 - Zone 3: Alpha API: Response action: response_action_00
2024-04-23 11:36:36,424 - Zone 3: Alpha API: Calling status sub action: response_action_00_0A
2024-04-23 11:36:36,424 - Zone 3: Alpha API: Received 0A Status: {'ECO': '0', 'eqsw': '1', 'inSrc': '0', 'SP': '0', 'BF1': '1', 'BF2': '0', 'BF3': '0', 'GRM': '0', 'GRS': '255', 'Pwr': '0', 'Bvr': '1', 'fxv': '0', 'AtPwr': '1'}
2024-04-23 11:36:36,424 - Zone 3: EQSettings set enabled: True
2024-04-23 11:36:36,424 - EventBus: processing event: zone.settings.eq.enabled_change | entity: 3 | data: True
2024-04-23 11:36:36,551 - Zone 2: Alpha API: Response data: b'\x10\x00\x92\t{"mono":"0","AiNm":"Analog In 2","eq1":"98","eq2":"96","eq3":"93","eq4":"94","eq5":"93","eq6":"94","eq7":"94","voll":"75","volr":"75","vold":"0"}'
2024-04-23 11:36:36,552 - Zone 2: Alpha API: Response action: response_action_00
2024-04-23 11:36:36,552 - Zone 2: Alpha API: Calling status sub action: response_action_00_09
2024-04-23 11:36:36,552 - Zone 2: Alpha API: Received 09 Status: {'mono': '0', 'AiNm': 'Analog In 2', 'eq1': '98', 'eq2': '96', 'eq3': '93', 'eq4': '94', 'eq5': '93', 'eq6': '94', 'eq7': '94', 'voll': '75', 'volr': '75', 'vold': '0'}
2024-04-23 11:36:36,552 - Zone 2: EQSettings set hz60: 98
2024-04-23 11:36:36,552 - Zone 2: EQSettings set hz200: 96
2024-04-23 11:36:36,552 - Zone 2: EQSettings set hz500: 93
2024-04-23 11:36:36,553 - Zone 2: EQSettings set khz1: 94
2024-04-23 11:36:36,553 - Zone 2: EQSettings set khz4: 93
2024-04-23 11:36:36,553 - Zone 2: EQSettings set khz8: 94
2024-04-23 11:36:36,553 - Zone 2: EQSettings set khz15: 94
2024-04-23 11:36:36,553 - EventBus: processing event: zone.settings.eq.hz60_change | entity: 2 | data: 98
2024-04-23 11:36:36,553 - EventBus: processing event: zone.settings.eq.hz200_change | entity: 2 | data: 96
2024-04-23 11:36:36,554 - EventBus: processing event: zone.settings.eq.hz500_change | entity: 2 | data: 93
2024-04-23 11:36:36,554 - EventBus: processing event: zone.settings.eq.khz1_change | entity: 2 | data: 94
2024-04-23 11:36:36,554 - EventBus: processing event: zone.settings.eq.khz4_change | entity: 2 | data: 93
2024-04-23 11:36:36,554 - EventBus: processing event: zone.settings.eq.khz8_change | entity: 2 | data: 94
2024-04-23 11:36:36,554 - EventBus: processing event: zone.settings.eq.khz15_change | entity: 2 | data: 94
2024-04-23 11:36:36,680 - Zone 3: Alpha API: Response data: b'\x10\x00\x94\t{"mono":"0","AiNm":"Analog In 3","eq1":"93","eq2":"93","eq3":"95","eq4":"93","eq5":"101","eq6":"97","eq7":"95","voll":"75","volr":"75","vold":"75"}'
2024-04-23 11:36:36,681 - Zone 3: Alpha API: Response action: response_action_00
2024-04-23 11:36:36,681 - Zone 3: Alpha API: Calling status sub action: response_action_00_09
2024-04-23 11:36:36,681 - Zone 3: Alpha API: Received 09 Status: {'mono': '0', 'AiNm': 'Analog In 3', 'eq1': '93', 'eq2': '93', 'eq3': '95', 'eq4': '93', 'eq5': '101', 'eq6': '97', 'eq7': '95', 'voll': '75', 'volr': '75', 'vold': '75'}
2024-04-23 11:36:36,681 - Zone 3: EQSettings set hz60: 93
2024-04-23 11:36:36,682 - Zone 3: EQSettings set hz200: 93
2024-04-23 11:36:36,682 - Zone 3: EQSettings set hz500: 95
2024-04-23 11:36:36,682 - Zone 3: EQSettings set khz1: 93
2024-04-23 11:36:36,682 - Zone 3: EQSettings set khz4: 101
2024-04-23 11:36:36,682 - Zone 3: EQSettings set khz8: 97
2024-04-23 11:36:36,682 - Zone 3: EQSettings set khz15: 95
2024-04-23 11:36:36,683 - EventBus: processing event: zone.settings.eq.hz60_change | entity: 3 | data: 93
2024-04-23 11:36:36,683 - EventBus: processing event: zone.settings.eq.hz200_change | entity: 3 | data: 93
2024-04-23 11:36:36,683 - EventBus: processing event: zone.settings.eq.hz500_change | entity: 3 | data: 95
2024-04-23 11:36:36,683 - EventBus: processing event: zone.settings.eq.khz1_change | entity: 3 | data: 93
2024-04-23 11:36:36,683 - EventBus: processing event: zone.settings.eq.khz4_change | entity: 3 | data: 101
2024-04-23 11:36:36,683 - EventBus: processing event: zone.settings.eq.khz8_change | entity: 3 | data: 97
2024-04-23 11:36:36,683 - EventBus: processing event: zone.settings.eq.khz15_change | entity: 3 | data: 95
2024-04-23 11:36:44,296 - Zone 1: Alpha API: Requesting keep alive
2024-04-23 11:36:44,298 - Zone 1: Bravo API: Sending keep alive with IP
2024-04-23 11:36:44,299 - Zone 1: Alpha API: Sent to 10.10.30.10:50002: 10170107
2024-04-23 11:36:44,299 - Zone 1: Bravo API: Sent to 10.10.30.10:7777: aaaa0203000000000b0031302e31302e33302e3130
2024-04-23 11:36:44,561 - Zone 1: Bravo API: Response: b'\x00\x00\x02\x00p\x00y\x02\x00\x04\x10\x17\x01\x07'
2024-04-23 11:36:44,562 - Zone 1: Bravo API: Response action: response_action_70
2024-04-23 11:36:44,562 - Zone 1: Bravo API: Command confirmation: b'\x10\x17\x01\x07'
2024-04-23 11:36:44,563 - Zone 1: Bravo API: Response: b"\x00\x00\x02\x00\x03\x01'\xac\x00\x00"
2024-04-23 11:36:44,563 - Zone 1: Bravo API: Response action: response_action_03
2024-04-23 11:36:44,563 - Zone 1: Bravo API: Received keep alive
2024-04-23 11:36:44,610 - Zone 1: Alpha API: Response data: b'\x10\x17\x01\x07'
2024-04-23 11:36:44,610 - Zone 1: Alpha API: Received command confimation: 23. Hex: 10170107
2024-04-23 11:36:45,362 - Zone 2: Alpha API: Requesting keep alive
2024-04-23 11:36:45,363 - Zone 2: Bravo API: Sending keep alive with IP
2024-04-23 11:36:45,363 - Zone 2: Alpha API: Sent to 10.10.30.11:50002: 10170107
2024-04-23 11:36:45,364 - Zone 2: Bravo API: Sent to 10.10.30.11:7777: aaaa0203000000000b0031302e31302e33302e3131
2024-04-23 11:36:45,364 - Zone 3: Alpha API: Requesting keep alive
2024-04-23 11:36:45,364 - Zone 3: Bravo API: Sending keep alive with IP
2024-04-23 11:36:45,365 - Zone 3: Alpha API: Sent to 10.10.30.12:50002: 10170107
2024-04-23 11:36:45,365 - Zone 3: Bravo API: Sent to 10.10.30.12:7777: aaaa0203000000000b0031302e31302e33302e3132
2024-04-23 11:36:45,735 - Zone 2: Bravo API: Response: b'\x00\x00\x02\x00p\x00y\x02\x00\x04\x10\x17\x01\x07'
2024-04-23 11:36:45,736 - Zone 2: Bravo API: Response action: response_action_70
2024-04-23 11:36:45,736 - Zone 2: Bravo API: Command confirmation: b'\x10\x17\x01\x07'
2024-04-23 11:36:45,738 - Zone 2: Bravo API: Response: b"\x00\x00\x02\x00\x03\x01'\xac\x00\x00"
2024-04-23 11:36:45,738 - Zone 2: Bravo API: Response action: response_action_03
2024-04-23 11:36:45,738 - Zone 2: Bravo API: Received keep alive
2024-04-23 11:36:45,739 - Zone 3: Bravo API: Response: b'\x00\x00\x02\x00p\x00y\x02\x00\x04\x10\x17\x01\x07'
2024-04-23 11:36:45,739 - Zone 3: Bravo API: Response action: response_action_70
2024-04-23 11:36:45,739 - Zone 3: Bravo API: Command confirmation: b'\x10\x17\x01\x07'
2024-04-23 11:36:45,740 - Zone 2: Alpha API: Response data: b'\x10\x17\x01\x07'
2024-04-23 11:36:45,740 - Zone 2: Alpha API: Received command confimation: 23. Hex: 10170107
2024-04-23 11:36:45,741 - Zone 3: Alpha API: Response data: b'\x10\x17\x01\x07'
2024-04-23 11:36:45,741 - Zone 3: Alpha API: Received command confimation: 23. Hex: 10170107
2024-04-23 11:36:46,710 - Zone 3: Bravo API: Response: b"\x00\x00\x02\x00\x03\x01'\xac\x00\x00"
2024-04-23 11:36:46,710 - Zone 3: Bravo API: Response action: response_action_03
2024-04-23 11:36:46,710 - Zone 3: Bravo API: Received keep alive
2024-04-23 11:36:54,299 - Zone 1: Alpha API: Requesting keep alive
2024-04-23 11:36:54,302 - Zone 1: Bravo API: Sending keep alive with IP
2024-04-23 11:36:54,302 - Zone 1: Alpha API: Sent to 10.10.30.10:50002: 10170107
2024-04-23 11:36:54,302 - Zone 1: Bravo API: Sent to 10.10.30.10:7777: aaaa0203000000000b0031302e31302e33302e3130
2024-04-23 11:36:54,555 - Zone 1: Bravo API: Response: b'\x00\x00\x02\x00p\x00y\x02\x00\x04\x10\x17\x01\x07'
2024-04-23 11:36:54,556 - Zone 1: Bravo API: Response action: response_action_70
2024-04-23 11:36:54,556 - Zone 1: Bravo API: Command confirmation: b'\x10\x17\x01\x07'
2024-04-23 11:36:54,556 - Zone 1: Bravo API: Response: b"\x00\x00\x02\x00\x03\x01'\xac\x00\x00"
2024-04-23 11:36:54,556 - Zone 1: Bravo API: Response action: response_action_03
2024-04-23 11:36:54,557 - Zone 1: Bravo API: Received keep alive
2024-04-23 11:36:54,619 - Zone 1: Alpha API: Response data: b'\x10\x17\x01\x07'
2024-04-23 11:36:54,619 - Zone 1: Alpha API: Received command confimation: 23. Hex: 10170107
2024-04-23 11:36:55,364 - Zone 2: Alpha API: Requesting keep alive
2024-04-23 11:36:55,365 - Zone 2: Bravo API: Sending keep alive with IP
2024-04-23 11:36:55,366 - Zone 2: Alpha API: Sent to 10.10.30.11:50002: 10170107
2024-04-23 11:36:55,367 - Zone 2: Bravo API: Sent to 10.10.30.11:7777: aaaa0203000000000b0031302e31302e33302e3131
2024-04-23 11:36:55,367 - Zone 3: Alpha API: Requesting keep alive
2024-04-23 11:36:55,367 - Zone 3: Bravo API: Sending keep alive with IP
2024-04-23 11:36:55,368 - Zone 3: Alpha API: Sent to 10.10.30.12:50002: 10170107
2024-04-23 11:36:55,368 - Zone 3: Bravo API: Sent to 10.10.30.12:7777: aaaa0203000000000b0031302e31302e33302e3132
2024-04-23 11:36:55,639 - Zone 2: Bravo API: Response: b'\x00\x00\x02\x00p\x00y\x02\x00\x04\x10\x17\x01\x07'
2024-04-23 11:36:55,640 - Zone 2: Bravo API: Response action: response_action_70
2024-04-23 11:36:55,640 - Zone 2: Bravo API: Command confirmation: b'\x10\x17\x01\x07'
2024-04-23 11:36:55,641 - Zone 2: Bravo API: Response: b"\x00\x00\x02\x00\x03\x01'\xac\x00\x00"
2024-04-23 11:36:55,641 - Zone 2: Bravo API: Response action: response_action_03
2024-04-23 11:36:55,641 - Zone 2: Bravo API: Received keep alive
2024-04-23 11:36:55,641 - Zone 3: Bravo API: Response: b'\x00\x00\x02\x00p\x00y\x02\x00\x04\x10\x17\x01\x07'
2024-04-23 11:36:55,642 - Zone 3: Bravo API: Response action: response_action_70
2024-04-23 11:36:55,642 - Zone 3: Bravo API: Command confirmation: b'\x10\x17\x01\x07'
2024-04-23 11:36:55,642 - Zone 3: Bravo API: Response: b"\x00\x00\x02\x00\x03\x01'\xac\x00\x00"
2024-04-23 11:36:55,642 - Zone 3: Bravo API: Response action: response_action_03
2024-04-23 11:36:55,642 - Zone 3: Bravo API: Received keep alive
2024-04-23 11:36:55,667 - Zone 2: Alpha API: Response data: b'\x10\x17\x01\x07'
2024-04-23 11:36:55,668 - Zone 2: Alpha API: Received command confimation: 23. Hex: 10170107
2024-04-23 11:36:55,698 - Zone 3: Alpha API: Response data: b'\x10\x17\x01\x07'
2024-04-23 11:36:55,699 - Zone 3: Alpha API: Received command confimation: 23. Hex: 10170107
2024-04-23 11:37:01,364 - Zone 3: Alpha API: Cancelled the keepalive task for 10.10.30.12:50002
2024-04-23 11:37:01,366 - Zone 2: Alpha API: Cancelled the keepalive task for 10.10.30.11:50002
2024-04-23 11:37:01,366 - Zone 1: Bravo API: Cancelled the keepalive task for 10.10.30.10:7777
2024-04-23 11:37:01,366 - Zone 3: Bravo API: Cancelled the keepalive task for 10.10.30.12:7777
2024-04-23 11:37:01,366 - Zone 2: Bravo API: Cancelled the keepalive task for 10.10.30.11:7777
2024-04-23 11:37:01,366 - Zone 1: Alpha API: Cancelled the keepalive task for 10.10.30.10:50002
